<?xml version="1.0" encoding="UTF-8"?>
<con:soapui-workspace name="bla_bla" soapui-version="6.0.0" xmlns:con="http://eviware.com/soapui/config">
  <con:settings/>
  <con:project name="REST bla">/Users/soap/soap_project/soap/REST-bla-soapui-project.xml</con:project>
  <con:project name="SOAP Project 1">/Users/soap/soap_project/soap/SOAP-Project-1-soapui-projectjj.xml</con:project>
  <con:project name="SOAP Project 2">/Users/soap/soap_project/soap/SOAP-Project-2-soapui-project.xml</con:project>
  <con:project name="TimeZoneREST_Project">/Users/soap/soap_project/soap/REST-sample-project.xml</con:project>
  <con:recentItemCollection>
    <con:moduleId>StarterPageModule</con:moduleId>
    <con:itemId>7994b143-c8ff-4e8e-b584-9baf3fc2c506</con:itemId>
    <con:itemId>0b35fe51-c113-416a-a9ca-8709a46f1591</con:itemId>
    <con:itemId>cea1cc68-32c8-410b-8e3c-795c893adb2d</con:itemId>
    <con:itemId>0b2b1c0a-c4db-4cb0-aafa-648ba7dc4512</con:itemId>
  </con:recentItemCollection>
  <con:recentItemCollection>
    <con:moduleId>SoapUiNGModule</con:moduleId>
    <con:itemId>95be8654-117b-4d2a-a457-118f2a9f70a6</con:itemId>
    <con:itemId>e8694991-a1e8-4680-998f-9c1a4069b50e</con:itemId>
    <con:itemId>9021a7fb-a117-4c60-8194-780330b0d86f</con:itemId>
    <con:itemId>19997c7f-2e57-420d-b8f7-ee302241507e</con:itemId>
    <con:itemId>f5aec87e-8e08-4c38-a926-34ea9121275a</con:itemId>
  </con:recentItemCollection>
  <con:recentItemCollection>
    <con:moduleId>ProjectsModule</con:moduleId>
    <con:itemId>ebfee06c-2c4c-4a49-9950-6ae236cdf68f</con:itemId>
    <con:itemId>df5e800a-16b9-4719-9241-32bd63e7c96b</con:itemId>
    <con:itemId>cb138c5a-a121-4200-bda8-451d34426299</con:itemId>
    <con:itemId>3f0efbd7-f18f-41db-a5a4-6f4d070e57c7</con:itemId>
  </con:recentItemCollection>
  <con:navigatorNodeCollection>
    <con:rootNodeLabel>SoapUI NG</con:rootNodeLabel>
    <con:expandNodeState>
      <con:id>7994b143-c8ff-4e8e-b584-9baf3fc2c506</con:id>
      <con:expandState>false</con:expandState>
    </con:expandNodeState>
    <con:expandNodeState>
      <con:id>6bead722-bbfd-4586-bc30-bf56683b8ef8</con:id>
      <con:expandState>true</con:expandState>
    </con:expandNodeState>
    <con:expandNodeState>
      <con:id>6e35d223-3b23-44a5-bbf5-84b4d457ea25</con:id>
      <con:expandState>true</con:expandState>
    </con:expandNodeState>
    <con:expandNodeState>
      <con:id>4cdc556a-dee7-4bc0-961f-7409d4ba0d44</con:id>
      <con:expandState>true</con:expandState>
    </con:expandNodeState>
    <con:expandNodeState>
      <con:id>6a6f23f6-0a68-4ea9-8667-ab75ab2604e2</con:id>
      <con:expandState>true</con:expandState>
    </con:expandNodeState>
    <con:expandNodeState>
      <con:id>086b9142-ae64-42c6-bac9-46cf0d7bd14b</con:id>
      <con:expandState>true</con:expandState>
    </con:expandNodeState>
    <con:expandNodeState>
      <con:id>f31e5bc7-51a8-466e-9166-3c14fab198ea</con:id>
      <con:expandState>false</con:expandState>
    </con:expandNodeState>
    <con:expandNodeState>
      <con:id>0b35fe51-c113-416a-a9ca-8709a46f1591</con:id>
      <con:expandState>false</con:expandState>
    </con:expandNodeState>
    <con:expandNodeState>
      <con:id>d3f7967b-fefd-4dc6-bf3c-cc1f9cb12c8c</con:id>
      <con:expandState>true</con:expandState>
    </con:expandNodeState>
    <con:expandNodeState>
      <con:id>23760c68-96bd-442c-ba52-5ab851a961d9</con:id>
      <con:expandState>true</con:expandState>
    </con:expandNodeState>
    <con:expandNodeState>
      <con:id>e953f9f6-87ba-4ce5-815b-66e1b4633823</con:id>
      <con:expandState>true</con:expandState>
    </con:expandNodeState>
    <con:expandNodeState>
      <con:id>6739da19-e554-4250-b69c-8f3a78fd2c06</con:id>
      <con:expandState>true</con:expandState>
    </con:expandNodeState>
    <con:expandNodeState>
      <con:id>93a73288-fc7d-410b-8bc4-3ff42f1ecc41</con:id>
      <con:expandState>true</con:expandState>
    </con:expandNodeState>
    <con:expandNodeState>
      <con:id>cea1cc68-32c8-410b-8e3c-795c893adb2d</con:id>
      <con:expandState>false</con:expandState>
    </con:expandNodeState>
    <con:expandNodeState>
      <con:id>fd9f6997-d416-492e-9c53-34af8a6c130d</con:id>
      <con:expandState>true</con:expandState>
    </con:expandNodeState>
    <con:expandNodeState>
      <con:id>26cd70bc-0b0c-47b5-9bf8-cd43381ccac9</con:id>
      <con:expandState>true</con:expandState>
    </con:expandNodeState>
    <con:expandNodeState>
      <con:id>939c3a2b-6a82-490d-9657-0219e21bf1a0</con:id>
      <con:expandState>false</con:expandState>
    </con:expandNodeState>
    <con:expandNodeState>
      <con:id>046af688-ee39-467e-84bb-43cc15f4cab5</con:id>
      <con:expandState>true</con:expandState>
    </con:expandNodeState>
    <con:expandNodeState>
      <con:id>8d1c0e08-dbbd-4f30-a512-1a16fc5dd0d0</con:id>
      <con:expandState>true</con:expandState>
    </con:expandNodeState>
    <con:expandNodeState>
      <con:id>0b2b1c0a-c4db-4cb0-aafa-648ba7dc4512</con:id>
      <con:expandState>true</con:expandState>
    </con:expandNodeState>
    <con:expandNodeState>
      <con:id>45dc0fcc-35ff-4f24-b960-6f3858a1f55e</con:id>
      <con:expandState>true</con:expandState>
    </con:expandNodeState>
    <con:expandNodeState>
      <con:id>19997c7f-2e57-420d-b8f7-ee302241507e</con:id>
      <con:expandState>true</con:expandState>
    </con:expandNodeState>
    <con:expandNodeState>
      <con:id>7ba81bbf-c744-4a3d-b286-23678d10df4b</con:id>
      <con:expandState>true</con:expandState>
    </con:expandNodeState>
    <con:expandNodeState>
      <con:id>e8694991-a1e8-4680-998f-9c1a4069b50e</con:id>
      <con:expandState>true</con:expandState>
    </con:expandNodeState>
    <con:expandNodeState>
      <con:id>84b50d22-db4c-401c-8ef2-53e2a92aa8cc</con:id>
      <con:expandState>true</con:expandState>
    </con:expandNodeState>
    <con:expandNodeState>
      <con:id>24c8e0e4-65f0-4f1b-b32e-281a84d735a9</con:id>
      <con:expandState>true</con:expandState>
    </con:expandNodeState>
    <con:expandNodeState>
      <con:id>5ef173e4-9100-4c01-99a3-48a57ddf61e1</con:id>
      <con:expandState>true</con:expandState>
    </con:expandNodeState>
  </con:navigatorNodeCollection>
  <con:navigatorNodeCollection>
    <con:rootNodeLabel>Projects</con:rootNodeLabel>
    <con:expandNodeState>
      <con:id>7994b143-c8ff-4e8e-b584-9baf3fc2c506</con:id>
      <con:expandState>false</con:expandState>
    </con:expandNodeState>
    <con:expandNodeState>
      <con:id>6bead722-bbfd-4586-bc30-bf56683b8ef8</con:id>
      <con:expandState>false</con:expandState>
    </con:expandNodeState>
    <con:expandNodeState>
      <con:id>f31e5bc7-51a8-466e-9166-3c14fab198ea</con:id>
      <con:expandState>false</con:expandState>
    </con:expandNodeState>
    <con:expandNodeState>
      <con:id>0b35fe51-c113-416a-a9ca-8709a46f1591</con:id>
      <con:expandState>false</con:expandState>
    </con:expandNodeState>
    <con:expandNodeState>
      <con:id>e953f9f6-87ba-4ce5-815b-66e1b4633823</con:id>
      <con:expandState>false</con:expandState>
    </con:expandNodeState>
    <con:expandNodeState>
      <con:id>cea1cc68-32c8-410b-8e3c-795c893adb2d</con:id>
      <con:expandState>true</con:expandState>
    </con:expandNodeState>
    <con:expandNodeState>
      <con:id>71c904ae-dc5c-4190-a395-a17c6df6b2e0</con:id>
      <con:expandState>false</con:expandState>
    </con:expandNodeState>
    <con:expandNodeState>
      <con:id>0b2b1c0a-c4db-4cb0-aafa-648ba7dc4512</con:id>
      <con:expandState>true</con:expandState>
    </con:expandNodeState>
    <con:expandNodeState>
      <con:id>ef3288c5-9c8c-4963-ae1c-bc8fcb40aed8</con:id>
      <con:expandState>true</con:expandState>
    </con:expandNodeState>
    <con:expandNodeState>
      <con:id>df5e800a-16b9-4719-9241-32bd63e7c96b</con:id>
      <con:expandState>true</con:expandState>
    </con:expandNodeState>
    <con:expandNodeState>
      <con:id>cb138c5a-a121-4200-bda8-451d34426299</con:id>
      <con:expandState>true</con:expandState>
    </con:expandNodeState>
    <con:expandNodeState>
      <con:id>83d63aee-d9a8-4fd6-99d7-b7ce7508d2b1</con:id>
      <con:expandState>true</con:expandState>
    </con:expandNodeState>
  </con:navigatorNodeCollection>
</con:soapui-workspace>